\BOOKMARK [0][-]{chapter.1}{Introducci\363n}{}% 1
\BOOKMARK [1][-]{section.1.1}{Motivaci\363n}{chapter.1}% 2
\BOOKMARK [1][-]{section.1.2}{Objetivos}{chapter.1}% 3
\BOOKMARK [1][-]{section.1.3}{Alcance de los objetivos}{chapter.1}% 4
\BOOKMARK [1][-]{section.1.4}{Estudio del Arte}{chapter.1}% 5
\BOOKMARK [2][-]{subsection.1.4.1}{3PL Central}{section.1.4}% 6
\BOOKMARK [2][-]{subsection.1.4.2}{Windward System Five's Inventory Control}{section.1.4}% 7
\BOOKMARK [2][-]{subsection.1.4.3}{Snappii}{section.1.4}% 8
\BOOKMARK [2][-]{subsection.1.4.4}{Conclusiones}{section.1.4}% 9
\BOOKMARK [0][-]{chapter.2}{Planificaci\363n y An\341lisis }{}% 10
\BOOKMARK [1][-]{section.2.1}{Planificaci\363n}{chapter.2}% 11
\BOOKMARK [1][-]{section.2.2}{An\341lisis}{chapter.2}% 12
\BOOKMARK [1][-]{section.2.3}{Analisis Plataforma Web}{chapter.2}% 13
\BOOKMARK [2][-]{subsection.2.3.1}{Requisitos de Informaci\363n Plataforma web}{section.2.3}% 14
\BOOKMARK [2][-]{subsection.2.3.2}{Requisitos Funcionales Plataforma web}{section.2.3}% 15
\BOOKMARK [2][-]{subsection.2.3.3}{Requisitos No Funcionales Plataforma web}{section.2.3}% 16
\BOOKMARK [2][-]{subsection.2.3.4}{Casos de Uso}{section.2.3}% 17
\BOOKMARK [2][-]{subsection.2.3.5}{Diagramas de Secuencia}{section.2.3}% 18
\BOOKMARK [1][-]{section.2.4}{Analisis Aplicaci\363n Android}{chapter.2}% 19
\BOOKMARK [2][-]{subsection.2.4.1}{Requisitos Funcionales Aplicaci\363n Android}{section.2.4}% 20
\BOOKMARK [0][-]{chapter.3}{Desarrollo del sistema}{}% 21
\BOOKMARK [1][-]{section.3.1}{Desarrollo basado en test - TDD}{chapter.3}% 22
\BOOKMARK [2][-]{subsection.3.1.1}{Django}{section.3.1}% 23
\BOOKMARK [2][-]{subsection.3.1.2}{MongoDB}{section.3.1}% 24
\BOOKMARK [2][-]{subsection.3.1.3}{Pymongo}{section.3.1}% 25
\BOOKMARK [2][-]{subsection.3.1.4}{JQuery}{section.3.1}% 26
\BOOKMARK [2][-]{subsection.3.1.5}{Bootstrap}{section.3.1}% 27
\BOOKMARK [1][-]{section.3.2}{Infraestructura}{chapter.3}% 28
\BOOKMARK [2][-]{subsection.3.2.1}{Plataforma Como Servicio}{section.3.2}% 29
\BOOKMARK [2][-]{subsection.3.2.2}{Infraestructura Como Servicio}{section.3.2}% 30
\BOOKMARK [2][-]{subsection.3.2.3}{Docker}{section.3.2}% 31
\BOOKMARK [2][-]{subsection.3.2.4}{Ansible}{section.3.2}% 32
\BOOKMARK [2][-]{subsection.3.2.5}{Vagrant}{section.3.2}% 33
\BOOKMARK [1][-]{section.3.3}{Desarrollo Android}{chapter.3}% 34
\BOOKMARK [2][-]{subsection.3.3.1}{Android-Studio}{section.3.3}% 35
\BOOKMARK [2][-]{subsection.3.3.2}{Librer\355a Volley}{section.3.3}% 36
\BOOKMARK [2][-]{subsection.3.3.3}{Near field communication \(NFC\)}{section.3.3}% 37
\BOOKMARK [2][-]{subsection.3.3.4}{Lector de C\363digos de Barras ZXing}{section.3.3}% 38
\BOOKMARK [0][-]{chapter.4}{Implementaci\363n y pruebas}{}% 39
\BOOKMARK [1][-]{section.4.1}{Herramientas}{chapter.4}% 40
\BOOKMARK [2][-]{subsection.4.1.1}{Herramientas de infraestructura}{section.4.1}% 41
\BOOKMARK [1][-]{section.4.2}{Recursos}{chapter.4}% 42
\BOOKMARK [0][-]{chapter.5}{Anexo}{}% 43
\BOOKMARK [0][-]{chapter.5}{Bibliograf\355a}{}% 44
